[debug] [2021-03-21T14:31:50.889Z] ----------------------------------------------------------------------
[debug] [2021-03-21T14:31:50.891Z] Command:       C:\Program Files\nodejs\node.exe C:\Users\PC\AppData\Roaming\npm\node_modules\firebase-tools\lib\bin\firebase.js serve
[debug] [2021-03-21T14:31:50.892Z] CLI Version:   9.6.1
[debug] [2021-03-21T14:31:50.892Z] Platform:      win32
[debug] [2021-03-21T14:31:50.892Z] Node Version:  v12.18.2
[debug] [2021-03-21T14:31:50.893Z] Time:          Sun Mar 21 2021 21:31:50 GMT+0700 (Indochina Time)
[debug] [2021-03-21T14:31:50.893Z] ----------------------------------------------------------------------
[debug] [2021-03-21T14:31:50.893Z] 
[debug] [2021-03-21T14:31:50.900Z] > command requires scopes: ["email","openid","https://www.googleapis.com/auth/cloudplatformprojects.readonly","https://www.googleapis.com/auth/firebase","https://www.googleapis.com/auth/cloud-platform"]
[debug] [2021-03-21T14:31:50.901Z] > authorizing via signed-in user
[debug] [2021-03-21T14:31:50.901Z] [iam] checking project attendance-aae4c for permissions ["firebase.projects.get"]
[debug] [2021-03-21T14:31:50.903Z] >>> HTTP REQUEST POST https://cloudresourcemanager.googleapis.com/v1/projects/attendance-aae4c:testIamPermissions  
 {"permissions":["firebase.projects.get"]}
[debug] [2021-03-21T14:31:51.954Z] <<< HTTP RESPONSE 200 {"content-type":"application/json; charset=UTF-8","vary":"X-Origin, Referer, Origin,Accept-Encoding","date":"Sun, 21 Mar 2021 14:31:51 GMT","server":"ESF","cache-control":"private","x-xss-protection":"0","x-frame-options":"SAMEORIGIN","x-content-type-options":"nosniff","server-timing":"gfet4t7; dur=808","alt-svc":"h3-29=\":443\"; ma=2592000,h3-T051=\":443\"; ma=2592000,h3-Q050=\":443\"; ma=2592000,h3-Q046=\":443\"; ma=2592000,h3-Q043=\":443\"; ma=2592000,quic=\":443\"; ma=2592000; v=\"46,43\"","accept-ranges":"none","transfer-encoding":"chunked"}
[debug] [2021-03-21T14:31:51.956Z] > refreshing access token with scopes: []
[debug] [2021-03-21T14:31:51.956Z] >>> HTTP REQUEST POST https://www.googleapis.com/oauth2/v3/token  
 <request body omitted>
[debug] [2021-03-21T14:31:52.137Z] <<< HTTP RESPONSE 200 {"date":"Sun, 21 Mar 2021 14:31:51 GMT","pragma":"no-cache","cache-control":"no-cache, no-store, max-age=0, must-revalidate","expires":"Mon, 01 Jan 1990 00:00:00 GMT","content-type":"application/json; charset=utf-8","vary":"X-Origin, Referer, Origin,Accept-Encoding","server":"scaffolding on HTTPServer2","x-xss-protection":"0","x-frame-options":"SAMEORIGIN","x-content-type-options":"nosniff","alt-svc":"h3-29=\":443\"; ma=2592000,h3-T051=\":443\"; ma=2592000,h3-Q050=\":443\"; ma=2592000,h3-Q046=\":443\"; ma=2592000,h3-Q043=\":443\"; ma=2592000,quic=\":443\"; ma=2592000; v=\"46,43\"","accept-ranges":"none","transfer-encoding":"chunked"}
[debug] [2021-03-21T14:31:52.142Z] >>> [apiv2][query] GET https://firebase.googleapis.com/v1beta1/projects/attendance-aae4c [none]
[debug] [2021-03-21T14:31:52.810Z] <<< [apiv2][status] GET https://firebase.googleapis.com/v1beta1/projects/attendance-aae4c 200
[debug] [2021-03-21T14:31:52.810Z] <<< [apiv2][body] GET https://firebase.googleapis.com/v1beta1/projects/attendance-aae4c {"projectId":"attendance-aae4c","projectNumber":"215982681476","displayName":"Attendance","name":"projects/attendance-aae4c","resources":{"hostingSite":"attendance-aae4c","storageBucket":"attendance-aae4c.appspot.com","locationId":"us-central"},"state":"ACTIVE"}
[info] 
[info] === Serving from 'F:\attendance'...
[info] 
[debug] [2021-03-21T14:31:52.812Z] >>> [apiv2][query] GET https://firebase.googleapis.com/v1beta1/projects/attendance-aae4c/webApps/-/config [none]
[debug] [2021-03-21T14:31:53.953Z] <<< [apiv2][status] GET https://firebase.googleapis.com/v1beta1/projects/attendance-aae4c/webApps/-/config 200
[debug] [2021-03-21T14:31:53.953Z] <<< [apiv2][body] GET https://firebase.googleapis.com/v1beta1/projects/attendance-aae4c/webApps/-/config {"projectId":"attendance-aae4c","storageBucket":"attendance-aae4c.appspot.com","locationId":"us-central","apiKey":"AIzaSyC3Yc52SF8cjOhM7jcskIkYTa3ViuCNijM","authDomain":"attendance-aae4c.firebaseapp.com","messagingSenderId":"215982681476"}
[info] i  hosting: Serving hosting files from: public {"metadata":{"emulator":{"name":"hosting"},"message":"Serving hosting files from: \u001b[1mpublic\u001b[22m"}}
[info] +  hosting: Local server: http://localhost:5000 {"metadata":{"emulator":{"name":"hosting"},"message":"Local server: \u001b[4m\u001b[1mhttp://localhost:5000\u001b[22m\u001b[24m"}}
